0 info it worked if it ends with ok
1 verbose cli [ 'C:\\Program Files\\nodejs\\node.exe',
1 verbose cli   'C:\\Program Files\\nodejs\\node_modules\\npm\\bin\\npm-cli.js',
1 verbose cli   'install',
1 verbose cli   '-g',
1 verbose cli   'canvas',
1 verbose cli   '--save' ]
2 info using npm@3.10.8
3 info using node@v6.9.1
4 silly loadCurrentTree Starting
5 silly install loadCurrentTree
6 silly install readGlobalPackageData
7 silly fetchPackageMetaData canvas
8 silly fetchNamedPackageData canvas
9 silly mapToRegistry name canvas
10 silly mapToRegistry using default registry
11 silly mapToRegistry registry https://registry.npmjs.org/
12 silly mapToRegistry data Result {
12 silly mapToRegistry   raw: 'canvas',
12 silly mapToRegistry   scope: null,
12 silly mapToRegistry   escapedName: 'canvas',
12 silly mapToRegistry   name: 'canvas',
12 silly mapToRegistry   rawSpec: '',
12 silly mapToRegistry   spec: 'latest',
12 silly mapToRegistry   type: 'tag' }
13 silly mapToRegistry uri https://registry.npmjs.org/canvas
14 verbose request uri https://registry.npmjs.org/canvas
15 verbose request no auth needed
16 info attempt registry request try #1 at 12:52:11
17 verbose request id 498ca9efe6f03c18
18 http request GET https://registry.npmjs.org/canvas
19 http 200 https://registry.npmjs.org/canvas
20 verbose headers { server: 'nginx/1.10.1',
20 verbose headers   'content-type': 'application/json',
20 verbose headers   'last-modified': 'Thu, 01 Dec 2016 13:24:13 GMT',
20 verbose headers   etag: 'W/"5840247d-1e475"',
20 verbose headers   'content-encoding': 'gzip',
20 verbose headers   'cache-control': 'max-age=300',
20 verbose headers   'content-length': '14850',
20 verbose headers   'accept-ranges': 'bytes',
20 verbose headers   date: 'Fri, 02 Dec 2016 11:52:11 GMT',
20 verbose headers   via: '1.1 varnish',
20 verbose headers   age: '39',
20 verbose headers   connection: 'keep-alive',
20 verbose headers   'x-served-by': 'cache-ams4128-AMS',
20 verbose headers   'x-cache': 'HIT',
20 verbose headers   'x-cache-hits': '1',
20 verbose headers   'x-timer': 'S1480679531.491752,VS0,VE0',
20 verbose headers   vary: 'Accept-Encoding' }
21 silly get cb [ 200,
21 silly get   { server: 'nginx/1.10.1',
21 silly get     'content-type': 'application/json',
21 silly get     'last-modified': 'Thu, 01 Dec 2016 13:24:13 GMT',
21 silly get     etag: 'W/"5840247d-1e475"',
21 silly get     'content-encoding': 'gzip',
21 silly get     'cache-control': 'max-age=300',
21 silly get     'content-length': '14850',
21 silly get     'accept-ranges': 'bytes',
21 silly get     date: 'Fri, 02 Dec 2016 11:52:11 GMT',
21 silly get     via: '1.1 varnish',
21 silly get     age: '39',
21 silly get     connection: 'keep-alive',
21 silly get     'x-served-by': 'cache-ams4128-AMS',
21 silly get     'x-cache': 'HIT',
21 silly get     'x-cache-hits': '1',
21 silly get     'x-timer': 'S1480679531.491752,VS0,VE0',
21 silly get     vary: 'Accept-Encoding' } ]
22 verbose get saving canvas to C:\Users\Ilhan\AppData\Roaming\npm-cache\registry.npmjs.org\canvas\.cache.json
23 verbose correctMkdir C:\Users\Ilhan\AppData\Roaming\npm-cache correctMkdir not in flight; initializing
24 silly install normalizeTree
25 silly loadCurrentTree Finishing
26 silly loadIdealTree Starting
27 silly install loadIdealTree
28 silly cloneCurrentTree Starting
29 silly install cloneCurrentTreeToIdealTree
30 silly cloneCurrentTree Finishing
31 silly loadShrinkwrap Starting
32 silly install loadShrinkwrap
33 silly loadShrinkwrap Finishing
34 silly loadAllDepsIntoIdealTree Starting
35 silly install loadAllDepsIntoIdealTree
36 silly resolveWithNewModule canvas@1.6.2 checking installable status
37 silly cache add args [ 'canvas', null ]
38 verbose cache add spec canvas
39 silly cache add parsed spec Result {
39 silly cache add   raw: 'canvas',
39 silly cache add   scope: null,
39 silly cache add   escapedName: 'canvas',
39 silly cache add   name: 'canvas',
39 silly cache add   rawSpec: '',
39 silly cache add   spec: 'latest',
39 silly cache add   type: 'tag' }
40 silly addNamed canvas@latest
41 verbose addNamed "latest" is being treated as a dist-tag for canvas
42 info addNameTag [ 'canvas', 'latest' ]
43 silly mapToRegistry name canvas
44 silly mapToRegistry using default registry
45 silly mapToRegistry registry https://registry.npmjs.org/
46 silly mapToRegistry data Result {
46 silly mapToRegistry   raw: 'canvas',
46 silly mapToRegistry   scope: null,
46 silly mapToRegistry   escapedName: 'canvas',
46 silly mapToRegistry   name: 'canvas',
46 silly mapToRegistry   rawSpec: '',
46 silly mapToRegistry   spec: 'latest',
46 silly mapToRegistry   type: 'tag' }
47 silly mapToRegistry uri https://registry.npmjs.org/canvas
48 verbose addNameTag registry:https://registry.npmjs.org/canvas not in flight; fetching
49 verbose get https://registry.npmjs.org/canvas not expired, no request
50 silly addNameTag next cb for canvas with tag latest
51 silly addNamed canvas@1.6.2
52 verbose addNamed "1.6.2" is a plain semver version for canvas
53 silly mapToRegistry name canvas
54 silly mapToRegistry using default registry
55 silly mapToRegistry registry https://registry.npmjs.org/
56 silly mapToRegistry data Result {
56 silly mapToRegistry   raw: 'canvas',
56 silly mapToRegistry   scope: null,
56 silly mapToRegistry   escapedName: 'canvas',
56 silly mapToRegistry   name: 'canvas',
56 silly mapToRegistry   rawSpec: '',
56 silly mapToRegistry   spec: 'latest',
56 silly mapToRegistry   type: 'tag' }
57 silly mapToRegistry uri https://registry.npmjs.org/canvas
58 verbose addRemoteTarball https://registry.npmjs.org/canvas/-/canvas-1.6.2.tgz not in flight; adding
59 verbose addRemoteTarball [ 'https://registry.npmjs.org/canvas/-/canvas-1.6.2.tgz',
59 verbose addRemoteTarball   '12b56e3f00e7880aa45e3aae59fe75237720aaa4' ]
60 info retry fetch attempt 1 at 12:52:11
61 info attempt registry request try #1 at 12:52:11
62 http fetch GET https://registry.npmjs.org/canvas/-/canvas-1.6.2.tgz
63 http fetch 200 https://registry.npmjs.org/canvas/-/canvas-1.6.2.tgz
64 silly fetchAndShaCheck shasum 12b56e3f00e7880aa45e3aae59fe75237720aaa4
65 verbose addTmpTarball C:\Users\Ilhan\AppData\Local\Temp\npm-4848-b4c76e0c\registry.npmjs.org\canvas\-\canvas-1.6.2.tgz not in flight; adding
66 verbose addTmpTarball already have metadata; skipping unpack for canvas@1.6.2
67 verbose correctMkdir C:\Users\Ilhan\AppData\Roaming\npm-cache correctMkdir not in flight; initializing
68 silly cache afterAdd canvas@1.6.2
69 verbose afterAdd C:\Users\Ilhan\AppData\Roaming\npm-cache\canvas\1.6.2\package\package.json not in flight; writing
70 verbose correctMkdir C:\Users\Ilhan\AppData\Roaming\npm-cache correctMkdir not in flight; initializing
71 verbose afterAdd C:\Users\Ilhan\AppData\Roaming\npm-cache\canvas\1.6.2\package\package.json written
72 silly fetchNamedPackageData nan
73 silly mapToRegistry name nan
74 silly mapToRegistry using default registry
75 silly mapToRegistry registry https://registry.npmjs.org/
76 silly mapToRegistry data Result {
76 silly mapToRegistry   raw: 'nan',
76 silly mapToRegistry   scope: null,
76 silly mapToRegistry   escapedName: 'nan',
76 silly mapToRegistry   name: 'nan',
76 silly mapToRegistry   rawSpec: '',
76 silly mapToRegistry   spec: 'latest',
76 silly mapToRegistry   type: 'tag' }
77 silly mapToRegistry uri https://registry.npmjs.org/nan
78 verbose request uri https://registry.npmjs.org/nan
79 verbose request no auth needed
80 info attempt registry request try #1 at 12:52:12
81 verbose etag W/"5818d749-1ce1e"
82 verbose lastModified Tue, 01 Nov 2016 17:56:25 GMT
83 http request GET https://registry.npmjs.org/nan
84 http 304 https://registry.npmjs.org/nan
85 verbose headers { date: 'Fri, 02 Dec 2016 11:52:11 GMT',
85 verbose headers   via: '1.1 varnish',
85 verbose headers   'cache-control': 'max-age=300',
85 verbose headers   etag: 'W/"5818d749-1ce1e"',
85 verbose headers   age: '271',
85 verbose headers   connection: 'keep-alive',
85 verbose headers   'x-served-by': 'cache-ams4128-AMS',
85 verbose headers   'x-cache': 'HIT',
85 verbose headers   'x-cache-hits': '2',
85 verbose headers   'x-timer': 'S1480679531.916135,VS0,VE0',
85 verbose headers   vary: 'Accept-Encoding' }
86 silly get cb [ 304,
86 silly get   { date: 'Fri, 02 Dec 2016 11:52:11 GMT',
86 silly get     via: '1.1 varnish',
86 silly get     'cache-control': 'max-age=300',
86 silly get     etag: 'W/"5818d749-1ce1e"',
86 silly get     age: '271',
86 silly get     connection: 'keep-alive',
86 silly get     'x-served-by': 'cache-ams4128-AMS',
86 silly get     'x-cache': 'HIT',
86 silly get     'x-cache-hits': '2',
86 silly get     'x-timer': 'S1480679531.916135,VS0,VE0',
86 silly get     vary: 'Accept-Encoding' } ]
87 verbose etag https://registry.npmjs.org/nan from cache
88 verbose get saving nan to C:\Users\Ilhan\AppData\Roaming\npm-cache\registry.npmjs.org\nan\.cache.json
89 verbose correctMkdir C:\Users\Ilhan\AppData\Roaming\npm-cache correctMkdir not in flight; initializing
90 silly resolveWithNewModule nan@2.4.0 checking installable status
91 silly cache add args [ 'nan@^2.4.0', null ]
92 verbose cache add spec nan@^2.4.0
93 silly cache add parsed spec Result {
93 silly cache add   raw: 'nan@^2.4.0',
93 silly cache add   scope: null,
93 silly cache add   escapedName: 'nan',
93 silly cache add   name: 'nan',
93 silly cache add   rawSpec: '^2.4.0',
93 silly cache add   spec: '>=2.4.0 <3.0.0',
93 silly cache add   type: 'range' }
94 silly addNamed nan@>=2.4.0 <3.0.0
95 verbose addNamed ">=2.4.0 <3.0.0" is a valid semver range for nan
96 silly addNameRange { name: 'nan', range: '>=2.4.0 <3.0.0', hasData: false }
97 silly mapToRegistry name nan
98 silly mapToRegistry using default registry
99 silly mapToRegistry registry https://registry.npmjs.org/
100 silly mapToRegistry data Result {
100 silly mapToRegistry   raw: 'nan',
100 silly mapToRegistry   scope: null,
100 silly mapToRegistry   escapedName: 'nan',
100 silly mapToRegistry   name: 'nan',
100 silly mapToRegistry   rawSpec: '',
100 silly mapToRegistry   spec: 'latest',
100 silly mapToRegistry   type: 'tag' }
101 silly mapToRegistry uri https://registry.npmjs.org/nan
102 verbose addNameRange registry:https://registry.npmjs.org/nan not in flight; fetching
103 verbose get https://registry.npmjs.org/nan not expired, no request
104 silly addNameRange number 2 { name: 'nan', range: '>=2.4.0 <3.0.0', hasData: true }
105 silly addNameRange versions [ 'nan',
105 silly addNameRange   [ '0.3.0-wip',
105 silly addNameRange     '0.3.0-wip2',
105 silly addNameRange     '0.3.0',
105 silly addNameRange     '0.3.1',
105 silly addNameRange     '0.3.2',
105 silly addNameRange     '0.4.0',
105 silly addNameRange     '0.4.1',
105 silly addNameRange     '0.4.2',
105 silly addNameRange     '0.4.3',
105 silly addNameRange     '0.4.4',
105 silly addNameRange     '0.5.0',
105 silly addNameRange     '0.5.1',
105 silly addNameRange     '0.5.2',
105 silly addNameRange     '0.6.0',
105 silly addNameRange     '0.7.0',
105 silly addNameRange     '0.7.1',
105 silly addNameRange     '0.8.0',
105 silly addNameRange     '1.0.0',
105 silly addNameRange     '1.1.0',
105 silly addNameRange     '1.1.1',
105 silly addNameRange     '1.1.2',
105 silly addNameRange     '1.2.0',
105 silly addNameRange     '1.3.0',
105 silly addNameRange     '1.4.0',
105 silly addNameRange     '1.4.1',
105 silly addNameRange     '1.5.0',
105 silly addNameRange     '1.4.2',
105 silly addNameRange     '1.4.3',
105 silly addNameRange     '1.5.1',
105 silly addNameRange     '1.5.2',
105 silly addNameRange     '1.6.0',
105 silly addNameRange     '1.5.3',
105 silly addNameRange     '1.6.1',
105 silly addNameRange     '1.6.2',
105 silly addNameRange     '1.7.0',
105 silly addNameRange     '1.8.0',
105 silly addNameRange     '1.8.1',
105 silly addNameRange     '1.8.2',
105 silly addNameRange     '1.8.3',
105 silly addNameRange     '1.8.4',
105 silly addNameRange     '1.9.0',
105 silly addNameRange     '2.0.0',
105 silly addNameRange     '2.0.1',
105 silly addNameRange     '2.0.2',
105 silly addNameRange     '2.0.3',
105 silly addNameRange     '2.0.4',
105 silly addNameRange     '2.0.5',
105 silly addNameRange     '2.0.6',
105 silly addNameRange     '2.0.7',
105 silly addNameRange     '2.0.8',
105 silly addNameRange     '2.0.9',
105 silly addNameRange     '2.1.0',
105 silly addNameRange     '2.2.0',
105 silly addNameRange     '2.2.1',
105 silly addNameRange     '2.3.0',
105 silly addNameRange     '2.3.1',
105 silly addNameRange     '2.3.2',
105 silly addNameRange     '2.3.3',
105 silly addNameRange     '2.3.4',
105 silly addNameRange     '2.3.5',
105 silly addNameRange     '2.4.0' ] ]
106 silly addNamed nan@2.4.0
107 verbose addNamed "2.4.0" is a plain semver version for nan
108 silly cache afterAdd nan@2.4.0
109 verbose afterAdd C:\Users\Ilhan\AppData\Roaming\npm-cache\nan\2.4.0\package\package.json not in flight; writing
110 verbose correctMkdir C:\Users\Ilhan\AppData\Roaming\npm-cache correctMkdir not in flight; initializing
111 verbose afterAdd C:\Users\Ilhan\AppData\Roaming\npm-cache\nan\2.4.0\package\package.json written
112 silly loadAllDepsIntoIdealTree Finishing
113 silly loadIdealTree Finishing
114 silly currentTree npm
115 silly idealTree npm
115 silly idealTree `-- canvas@1.6.2
115 silly idealTree   `-- nan@2.4.0
116 silly generateActionsToTake Starting
117 silly install generateActionsToTake
118 silly generateActionsToTake Finishing
119 silly diffTrees action count 2
120 silly diffTrees add nan@2.4.0
121 silly diffTrees add canvas@1.6.2
122 silly decomposeActions action count 16
123 silly decomposeActions fetch nan@2.4.0
124 silly decomposeActions extract nan@2.4.0
125 silly decomposeActions test nan@2.4.0
126 silly decomposeActions preinstall nan@2.4.0
127 silly decomposeActions build nan@2.4.0
128 silly decomposeActions install nan@2.4.0
129 silly decomposeActions postinstall nan@2.4.0
130 silly decomposeActions finalize nan@2.4.0
131 silly decomposeActions fetch canvas@1.6.2
132 silly decomposeActions extract canvas@1.6.2
133 silly decomposeActions test canvas@1.6.2
134 silly decomposeActions preinstall canvas@1.6.2
135 silly decomposeActions build canvas@1.6.2
136 silly decomposeActions install canvas@1.6.2
137 silly decomposeActions postinstall canvas@1.6.2
138 silly decomposeActions finalize canvas@1.6.2
139 silly runTopLevelLifecycles Starting
140 silly executeActions Starting
141 silly install executeActions
142 silly doSerial global-install 0
143 silly doParallel fetch 2
144 verbose correctMkdir C:\Users\Ilhan\AppData\Roaming\npm-cache\_locks correctMkdir not in flight; initializing
145 verbose lock using C:\Users\Ilhan\AppData\Roaming\npm-cache\_locks\staging-08918d3568b0b41a.lock for C:\Users\Ilhan\AppData\Roaming\npm\node_modules\.staging
146 silly doParallel extract 2
147 silly extract nan@2.4.0
148 silly extract canvas@1.6.2
149 verbose unbuild node_modules\.staging\nan-42af9e06
150 verbose unbuild node_modules\.staging\canvas-55165c07
151 silly gentlyRm C:\Users\Ilhan\AppData\Roaming\npm\node_modules\.staging\nan-42af9e06 is being purged from base C:\Users\Ilhan\AppData\Roaming\npm
152 verbose gentlyRm don't care about contents; nuking C:\Users\Ilhan\AppData\Roaming\npm\node_modules\.staging\nan-42af9e06
153 silly gentlyRm C:\Users\Ilhan\AppData\Roaming\npm\node_modules\.staging\canvas-55165c07 is being purged from base C:\Users\Ilhan\AppData\Roaming\npm
154 verbose gentlyRm don't care about contents; nuking C:\Users\Ilhan\AppData\Roaming\npm\node_modules\.staging\canvas-55165c07
155 verbose tar unpack C:\Users\Ilhan\AppData\Roaming\npm-cache\nan\2.4.0\package.tgz
156 verbose tar unpacking to C:\Users\Ilhan\AppData\Roaming\npm\node_modules\.staging\nan-42af9e06
157 silly gentlyRm C:\Users\Ilhan\AppData\Roaming\npm\node_modules\.staging\nan-42af9e06 is being purged
158 verbose gentlyRm don't care about contents; nuking C:\Users\Ilhan\AppData\Roaming\npm\node_modules\.staging\nan-42af9e06
159 verbose tar unpack C:\Users\Ilhan\AppData\Roaming\npm-cache\canvas\1.6.2\package.tgz
160 verbose tar unpacking to C:\Users\Ilhan\AppData\Roaming\npm\node_modules\.staging\canvas-55165c07
161 silly gentlyRm C:\Users\Ilhan\AppData\Roaming\npm\node_modules\.staging\canvas-55165c07 is being purged
162 verbose gentlyRm don't care about contents; nuking C:\Users\Ilhan\AppData\Roaming\npm\node_modules\.staging\canvas-55165c07
163 silly gunzTarPerm modes [ '777', '666' ]
164 silly gunzTarPerm modes [ '777', '666' ]
165 silly gunzTarPerm extractEntry package.json
166 silly gunzTarPerm modified mode [ 'package.json', 436, 438 ]
167 silly gunzTarPerm extractEntry package.json
168 silly gunzTarPerm modified mode [ 'package.json', 420, 438 ]
169 silly gunzTarPerm extractEntry README.md
170 silly gunzTarPerm modified mode [ 'README.md', 436, 438 ]
171 silly gunzTarPerm extractEntry .npmignore
172 silly gunzTarPerm modified mode [ '.npmignore', 420, 438 ]
173 silly gunzTarPerm extractEntry index.js
174 silly gunzTarPerm modified mode [ 'index.js', 420, 438 ]
175 silly gunzTarPerm extractEntry include_dirs.js
176 silly gunzTarPerm modified mode [ 'include_dirs.js', 436, 438 ]
177 silly gunzTarPerm extractEntry .travis.yml
178 silly gunzTarPerm modified mode [ '.travis.yml', 420, 438 ]
179 silly gunzTarPerm extractEntry History.md
180 silly gunzTarPerm modified mode [ 'History.md', 420, 438 ]
181 silly gunzTarPerm extractEntry nan_callbacks_pre_12_inl.h
182 silly gunzTarPerm modified mode [ 'nan_callbacks_pre_12_inl.h', 436, 438 ]
183 silly gunzTarPerm extractEntry CHANGELOG.md
184 silly gunzTarPerm modified mode [ 'CHANGELOG.md', 436, 438 ]
185 silly gunzTarPerm extractEntry LICENSE.md
186 silly gunzTarPerm modified mode [ 'LICENSE.md', 436, 438 ]
187 silly gunzTarPerm extractEntry doc/node_misc.md
188 silly gunzTarPerm modified mode [ 'doc/node_misc.md', 436, 438 ]
189 silly gunzTarPerm extractEntry Readme.md
190 silly gunzTarPerm modified mode [ 'Readme.md', 420, 438 ]
191 silly gunzTarPerm extractEntry binding.gyp
192 silly gunzTarPerm modified mode [ 'binding.gyp', 493, 511 ]
193 silly gunzTarPerm extractEntry .github/ISSUE_TEMPLATE.md
194 silly gunzTarPerm modified mode [ '.github/ISSUE_TEMPLATE.md', 420, 438 ]
195 silly gunzTarPerm extractEntry doc/asyncworker.md
196 silly gunzTarPerm modified mode [ 'doc/asyncworker.md', 436, 438 ]
197 silly gunzTarPerm extractEntry doc/callback.md
198 silly gunzTarPerm modified mode [ 'doc/callback.md', 436, 438 ]
199 silly gunzTarPerm extractEntry lib/bindings.js
200 silly gunzTarPerm modified mode [ 'lib/bindings.js', 420, 438 ]
201 silly gunzTarPerm extractEntry lib/canvas.js
202 silly gunzTarPerm modified mode [ 'lib/canvas.js', 420, 438 ]
203 silly gunzTarPerm extractEntry lib/context2d.js
204 silly gunzTarPerm modified mode [ 'lib/context2d.js', 420, 438 ]
205 silly gunzTarPerm extractEntry lib/image.js
206 silly gunzTarPerm modified mode [ 'lib/image.js', 420, 438 ]
207 silly gunzTarPerm extractEntry doc/converters.md
208 silly gunzTarPerm modified mode [ 'doc/converters.md', 436, 438 ]
209 silly gunzTarPerm extractEntry doc/errors.md
210 silly gunzTarPerm modified mode [ 'doc/errors.md', 436, 438 ]
211 silly gunzTarPerm extractEntry lib/jpegstream.js
212 silly gunzTarPerm modified mode [ 'lib/jpegstream.js', 420, 438 ]
213 silly gunzTarPerm extractEntry lib/pdfstream.js
214 silly gunzTarPerm modified mode [ 'lib/pdfstream.js', 420, 438 ]
215 silly gunzTarPerm extractEntry doc/maybe_types.md
216 silly gunzTarPerm modified mode [ 'doc/maybe_types.md', 436, 438 ]
217 silly gunzTarPerm extractEntry doc/methods.md
218 silly gunzTarPerm modified mode [ 'doc/methods.md', 436, 438 ]
219 silly gunzTarPerm extractEntry lib/pngstream.js
220 silly gunzTarPerm modified mode [ 'lib/pngstream.js', 420, 438 ]
221 silly gunzTarPerm extractEntry src/Image.cc
222 silly gunzTarPerm modified mode [ 'src/Image.cc', 420, 438 ]
223 silly gunzTarPerm extractEntry doc/new.md
224 silly gunzTarPerm modified mode [ 'doc/new.md', 436, 438 ]
225 silly gunzTarPerm extractEntry doc/buffers.md
226 silly gunzTarPerm modified mode [ 'doc/buffers.md', 436, 438 ]
227 silly gunzTarPerm extractEntry doc/object_wrappers.md
228 silly gunzTarPerm modified mode [ 'doc/object_wrappers.md', 436, 438 ]
229 silly gunzTarPerm extractEntry src/Canvas.cc
230 silly gunzTarPerm modified mode [ 'src/Canvas.cc', 420, 438 ]
231 silly gunzTarPerm extractEntry src/CanvasGradient.cc
232 silly gunzTarPerm modified mode [ 'src/CanvasGradient.cc', 420, 438 ]
233 silly gunzTarPerm extractEntry doc/persistent.md
234 silly gunzTarPerm modified mode [ 'doc/persistent.md', 436, 438 ]
235 silly gunzTarPerm extractEntry doc/scopes.md
236 silly gunzTarPerm modified mode [ 'doc/scopes.md', 436, 438 ]
237 silly gunzTarPerm extractEntry doc/script.md
238 silly gunzTarPerm modified mode [ 'doc/script.md', 436, 438 ]
239 silly gunzTarPerm extractEntry src/CanvasGradient.h
240 silly gunzTarPerm modified mode [ 'src/CanvasGradient.h', 420, 438 ]
241 silly gunzTarPerm extractEntry src/CanvasPattern.cc
242 silly gunzTarPerm modified mode [ 'src/CanvasPattern.cc', 420, 438 ]
243 silly gunzTarPerm extractEntry doc/string_bytes.md
244 silly gunzTarPerm modified mode [ 'doc/string_bytes.md', 436, 438 ]
245 silly gunzTarPerm extractEntry doc/v8_internals.md
246 silly gunzTarPerm modified mode [ 'doc/v8_internals.md', 436, 438 ]
247 silly gunzTarPerm extractEntry src/CanvasPattern.h
248 silly gunzTarPerm modified mode [ 'src/CanvasPattern.h', 420, 438 ]
249 silly gunzTarPerm extractEntry src/CanvasRenderingContext2d.cc
250 silly gunzTarPerm modified mode [ 'src/CanvasRenderingContext2d.cc', 493, 511 ]
251 silly gunzTarPerm extractEntry doc/v8_misc.md
252 silly gunzTarPerm modified mode [ 'doc/v8_misc.md', 436, 438 ]
253 silly gunzTarPerm extractEntry nan.h
254 silly gunzTarPerm modified mode [ 'nan.h', 436, 438 ]
255 silly gunzTarPerm extractEntry nan_callbacks.h
256 silly gunzTarPerm modified mode [ 'nan_callbacks.h', 436, 438 ]
257 silly gunzTarPerm extractEntry nan_callbacks_12_inl.h
258 silly gunzTarPerm modified mode [ 'nan_callbacks_12_inl.h', 436, 438 ]
259 silly gunzTarPerm extractEntry nan_converters.h
260 silly gunzTarPerm modified mode [ 'nan_converters.h', 436, 438 ]
261 silly gunzTarPerm extractEntry nan_converters_43_inl.h
262 silly gunzTarPerm modified mode [ 'nan_converters_43_inl.h', 436, 438 ]
263 silly gunzTarPerm extractEntry nan_converters_pre_43_inl.h
264 silly gunzTarPerm modified mode [ 'nan_converters_pre_43_inl.h', 436, 438 ]
265 silly gunzTarPerm extractEntry nan_implementation_12_inl.h
266 silly gunzTarPerm modified mode [ 'nan_implementation_12_inl.h', 436, 438 ]
267 silly gunzTarPerm extractEntry src/CanvasRenderingContext2d.h
268 silly gunzTarPerm modified mode [ 'src/CanvasRenderingContext2d.h', 420, 438 ]
269 silly gunzTarPerm extractEntry src/FontFace.cc
270 silly gunzTarPerm modified mode [ 'src/FontFace.cc', 493, 511 ]
271 silly gunzTarPerm extractEntry nan_implementation_pre_12_inl.h
272 silly gunzTarPerm modified mode [ 'nan_implementation_pre_12_inl.h', 436, 438 ]
273 silly gunzTarPerm extractEntry nan_maybe_43_inl.h
274 silly gunzTarPerm modified mode [ 'nan_maybe_43_inl.h', 436, 438 ]
275 silly gunzTarPerm extractEntry nan_maybe_pre_43_inl.h
276 silly gunzTarPerm modified mode [ 'nan_maybe_pre_43_inl.h', 436, 438 ]
277 silly gunzTarPerm extractEntry nan_new.h
278 silly gunzTarPerm modified mode [ 'nan_new.h', 436, 438 ]
279 silly gunzTarPerm extractEntry src/FontFace.h
280 silly gunzTarPerm modified mode [ 'src/FontFace.h', 420, 438 ]
281 silly gunzTarPerm extractEntry src/Canvas.h
282 silly gunzTarPerm modified mode [ 'src/Canvas.h', 420, 438 ]
283 silly gunzTarPerm extractEntry nan_object_wrap.h
284 silly gunzTarPerm modified mode [ 'nan_object_wrap.h', 436, 438 ]
285 silly gunzTarPerm extractEntry nan_persistent_12_inl.h
286 silly gunzTarPerm modified mode [ 'nan_persistent_12_inl.h', 436, 438 ]
287 silly gunzTarPerm extractEntry nan_persistent_pre_12_inl.h
288 silly gunzTarPerm modified mode [ 'nan_persistent_pre_12_inl.h', 436, 438 ]
289 silly gunzTarPerm extractEntry nan_string_bytes.h
290 silly gunzTarPerm modified mode [ 'nan_string_bytes.h', 436, 438 ]
291 silly gunzTarPerm extractEntry src/Image.h
292 silly gunzTarPerm modified mode [ 'src/Image.h', 420, 438 ]
293 silly gunzTarPerm extractEntry src/ImageData.cc
294 silly gunzTarPerm modified mode [ 'src/ImageData.cc', 420, 438 ]
295 silly gunzTarPerm extractEntry nan_typedarray_contents.h
296 silly gunzTarPerm modified mode [ 'nan_typedarray_contents.h', 436, 438 ]
297 silly gunzTarPerm extractEntry nan_weak.h
298 silly gunzTarPerm modified mode [ 'nan_weak.h', 436, 438 ]
299 silly gunzTarPerm extractEntry src/ImageData.h
300 silly gunzTarPerm modified mode [ 'src/ImageData.h', 420, 438 ]
301 silly gunzTarPerm extractEntry src/JPEGStream.h
302 silly gunzTarPerm modified mode [ 'src/JPEGStream.h', 420, 438 ]
303 silly gunzTarPerm extractEntry tools/package.json
304 silly gunzTarPerm modified mode [ 'tools/package.json', 436, 438 ]
305 silly gunzTarPerm extractEntry tools/README.md
306 silly gunzTarPerm modified mode [ 'tools/README.md', 436, 438 ]
307 silly gunzTarPerm extractEntry src/PNG.h
308 silly gunzTarPerm modified mode [ 'src/PNG.h', 420, 438 ]
309 silly gunzTarPerm extractEntry src/Point.h
310 silly gunzTarPerm modified mode [ 'src/Point.h', 420, 438 ]
311 silly gunzTarPerm extractEntry tools/1to2.js
312 silly gunzTarPerm modified mode [ 'tools/1to2.js', 509, 511 ]
313 silly gunzTarPerm extractEntry src/closure.h
314 silly gunzTarPerm modified mode [ 'src/closure.h', 420, 438 ]
315 silly gunzTarPerm extractEntry src/color.cc
316 silly gunzTarPerm modified mode [ 'src/color.cc', 420, 438 ]
317 silly gunzTarPerm extractEntry src/color.h
318 silly gunzTarPerm modified mode [ 'src/color.h', 420, 438 ]
319 silly gunzTarPerm extractEntry src/init.cc
320 silly gunzTarPerm modified mode [ 'src/init.cc', 493, 511 ]
321 silly gunzTarPerm extractEntry util/has_lib.sh
322 silly gunzTarPerm modified mode [ 'util/has_lib.sh', 493, 511 ]
323 silly gentlyRm C:\Users\Ilhan\AppData\Roaming\npm\node_modules\.staging\nan-42af9e06\node_modules is being purged
324 verbose gentlyRm don't care about contents; nuking C:\Users\Ilhan\AppData\Roaming\npm\node_modules\.staging\nan-42af9e06\node_modules
325 silly gentlyRm C:\Users\Ilhan\AppData\Roaming\npm\node_modules\.staging\canvas-55165c07\node_modules is being purged
326 verbose gentlyRm don't care about contents; nuking C:\Users\Ilhan\AppData\Roaming\npm\node_modules\.staging\canvas-55165c07\node_modules
327 silly doParallel preinstall 2
328 silly preinstall nan@2.4.0 C:\Users\Ilhan\AppData\Roaming\npm\node_modules\.staging\nan-42af9e06
329 info lifecycle nan@2.4.0~preinstall: nan@2.4.0
330 silly preinstall canvas@1.6.2 C:\Users\Ilhan\AppData\Roaming\npm\node_modules\.staging\canvas-55165c07
331 info lifecycle canvas@1.6.2~preinstall: canvas@1.6.2
332 silly lifecycle nan@2.4.0~preinstall: no script for preinstall, continuing
333 silly lifecycle canvas@1.6.2~preinstall: no script for preinstall, continuing
334 silly doReverseSerial remove 0
335 silly doSerial move 0
336 silly doSerial finalize 2
337 silly finalize C:\Users\Ilhan\AppData\Roaming\npm\node_modules\canvas\node_modules\nan
338 silly finalize C:\Users\Ilhan\AppData\Roaming\npm\node_modules\canvas
339 silly doSerial build 2
340 silly build nan@2.4.0
341 info linkStuff nan@2.4.0
342 silly linkStuff nan@2.4.0 has C:\Users\Ilhan\AppData\Roaming\npm\node_modules\canvas\node_modules as its parent node_modules
343 silly linkStuff nan@2.4.0 is part of a global install
344 silly linkStuff nan@2.4.0 is installed into a global node_modules
345 verbose linkBins nan@2.4.0
346 verbose linkMans nan@2.4.0
347 silly build canvas@1.6.2
348 info linkStuff canvas@1.6.2
349 silly linkStuff canvas@1.6.2 has C:\Users\Ilhan\AppData\Roaming\npm\node_modules as its parent node_modules
350 silly linkStuff canvas@1.6.2 is part of a global install
351 silly linkStuff canvas@1.6.2 is installed into a global node_modules
352 silly linkStuff canvas@1.6.2 is installed into the top-level global node_modules
353 verbose linkBins canvas@1.6.2
354 verbose linkMans canvas@1.6.2
355 silly doSerial global-link 0
356 silly doParallel update-linked 0
357 silly doSerial install 2
358 silly install nan@2.4.0 C:\Users\Ilhan\AppData\Roaming\npm\node_modules\.staging\nan-42af9e06
359 info lifecycle nan@2.4.0~install: nan@2.4.0
360 silly lifecycle nan@2.4.0~install: no script for install, continuing
361 silly install canvas@1.6.2 C:\Users\Ilhan\AppData\Roaming\npm\node_modules\.staging\canvas-55165c07
362 info lifecycle canvas@1.6.2~install: canvas@1.6.2
363 verbose lifecycle canvas@1.6.2~install: unsafe-perm in lifecycle true
364 verbose lifecycle canvas@1.6.2~install: PATH: C:\Program Files\nodejs\node_modules\npm\bin\node-gyp-bin;C:\Users\Ilhan\AppData\Roaming\npm\node_modules\canvas\node_modules\.bin;C:\Users\Ilhan\AppData\Roaming\npm\node_modules\.bin;C:\Program Files\Git\cmd;C:\ProgramData\Oracle\Java\javapath;C:\WINDOWS\system32;C:\WINDOWS;C:\WINDOWS\System32\Wbem;C:\WINDOWS\System32\WindowsPowerShell\v1.0\;C:\Program Files\runtime\win64;C:\Program Files (x86)\Skype\Phone\;C:\Users\Ilhan\Downloads\android-sdk_r24.4.1-windows\android-sdk-windows\tools;C:\Users\Ilhan\Downloads\android-sdk_r24.4.1-windows\android-sdk-windows\platform-tools;C:\Program Files\bin;C:\Program Files\Java\jre1.8.0_102\bin;C:\Program Files\Git\cmd;C:\Program Files\nodejs\;C:\Users\Ilhan\AppData\Local\Programs\Python\Python35;C:\Python27;;C:\Program Files (x86)\Microsoft VS Code\bin;C:\Users\Ilhan\AppData\Roaming\npm
365 verbose lifecycle canvas@1.6.2~install: CWD: C:\Users\Ilhan\AppData\Roaming\npm\node_modules\canvas
366 silly lifecycle canvas@1.6.2~install: Args: [ '/d /s /c', 'node-gyp rebuild' ]
367 silly lifecycle canvas@1.6.2~install: Returned: code: 1  signal: null
368 info lifecycle canvas@1.6.2~install: Failed to exec install script
369 verbose unlock done using C:\Users\Ilhan\AppData\Roaming\npm-cache\_locks\staging-08918d3568b0b41a.lock for C:\Users\Ilhan\AppData\Roaming\npm\node_modules\.staging
370 silly rollbackFailedOptional Starting
371 silly rollbackFailedOptional Finishing
372 silly runTopLevelLifecycles Finishing
373 silly install printInstalled
374 verbose stack Error: canvas@1.6.2 install: `node-gyp rebuild`
374 verbose stack Exit status 1
374 verbose stack     at EventEmitter.<anonymous> (C:\Program Files\nodejs\node_modules\npm\lib\utils\lifecycle.js:255:16)
374 verbose stack     at emitTwo (events.js:106:13)
374 verbose stack     at EventEmitter.emit (events.js:191:7)
374 verbose stack     at ChildProcess.<anonymous> (C:\Program Files\nodejs\node_modules\npm\lib\utils\spawn.js:40:14)
374 verbose stack     at emitTwo (events.js:106:13)
374 verbose stack     at ChildProcess.emit (events.js:191:7)
374 verbose stack     at maybeClose (internal/child_process.js:877:16)
374 verbose stack     at Process.ChildProcess._handle.onexit (internal/child_process.js:226:5)
375 verbose pkgid canvas@1.6.2
376 verbose cwd C:\Users\Ilhan\Desktop\connector\webdata
377 error Windows_NT 10.0.14393
378 error argv "C:\\Program Files\\nodejs\\node.exe" "C:\\Program Files\\nodejs\\node_modules\\npm\\bin\\npm-cli.js" "install" "-g" "canvas" "--save"
379 error node v6.9.1
380 error npm  v3.10.8
381 error code ELIFECYCLE
382 error canvas@1.6.2 install: `node-gyp rebuild`
382 error Exit status 1
383 error Failed at the canvas@1.6.2 install script 'node-gyp rebuild'.
383 error Make sure you have the latest version of node.js and npm installed.
383 error If you do, this is most likely a problem with the canvas package,
383 error not with npm itself.
383 error Tell the author that this fails on your system:
383 error     node-gyp rebuild
383 error You can get information on how to open an issue for this project with:
383 error     npm bugs canvas
383 error Or if that isn't available, you can get their info via:
383 error     npm owner ls canvas
383 error There is likely additional logging output above.
384 verbose exit [ 1, true ]
